Build started 10/13/2015 9:09:17 PM.
     1>Project "C:\Users\Charles\Desktop\C++ Projects\Projects\Bubbles\Bubbles\Bubbles.vcxproj" on node 2 (Build target(s)).
     1>Link:
         C:\Program Files (x86)\Microsoft Visual Studio 12.0\VC\bin\link.exe /ERRORREPORT:PROMPT /OUT:"C:\Users\Charles\Desktop\C++ Projects\Projects\Bubbles\Debug\Bubbles.exe" /INCREMENTAL /NOLOGO /LIBPATH:.\lib SDL2.lib SDL2main.lib SDL2test.lib glew32.lib glew32s.lib OpenAL32.lib OpenGL32.lib kernel32.lib user32.lib gdi32.lib winspool.lib comdlg32.lib advapi32.lib shell32.lib ole32.lib oleaut32.lib uuid.lib odbc32.lib odbccp32.lib /MANIFEST /MANIFESTUAC:"level='asInvoker' uiAccess='false'" /manifest:embed /DEBUG /PDB:"C:\Users\Charles\Desktop\C++ Projects\Projects\Bubbles\Debug\Bubbles.pdb" /SUBSYSTEM:CONSOLE /TLBID:1 /DYNAMICBASE /NXCOMPAT /IMPLIB:"C:\Users\Charles\Desktop\C++ Projects\Projects\Bubbles\Debug\Bubbles.lib" /MACHINE:X86 Debug\Display.obj
         Debug\Entities.obj
         Debug\Game.obj
         Debug\Input.obj
         Debug\Main.obj
         Debug\MainComponent.obj
         Debug\mathFunctions.obj
         Debug\Mesh.obj
         Debug\Shader.obj
         Debug\Sounds.obj
         Debug\Sprite.obj
         Debug\stb_image.obj
         Debug\Texture.obj
         Debug\Time.obj
         Bubbles.vcxproj -> C:\Users\Charles\Desktop\C++ Projects\Projects\Bubbles\Debug\Bubbles.exe
     1>Done Building Project "C:\Users\Charles\Desktop\C++ Projects\Projects\Bubbles\Bubbles\Bubbles.vcxproj" (Build target(s)).

Build succeeded.

Time Elapsed 00:00:00.98
